2013-03-05 00:56:34,176 [localhost-startStop-1] ERROR StackTrace  - Full Stack Trace:
org.springframework.beans.factory.BeanCreationException: Error creating bean with name 'myBean': Error setting property values; nested exception is org.springframework.beans.NotWritablePropertyException: Invalid property 'grailsApplication' of bean class [org.elfinder.ElfinderServlet]: Bean property 'grailsApplication' is not writable or has an invalid setter method. Does the parameter type of the setter match the return type of the getter?
	at org.springframework.beans.factory.support.AbstractAutowireCapableBeanFactory.applyPropertyValues(AbstractAutowireCapableBeanFactory.java:1396)
	at org.springframework.beans.factory.support.AbstractAutowireCapableBeanFactory.populateBean(AbstractAutowireCapableBeanFactory.java:1118)
	at org.springframework.beans.factory.support.AbstractAutowireCapableBeanFactory.doCreateBean(AbstractAutowireCapableBeanFactory.java:517)
	at org.codehaus.groovy.grails.commons.spring.ReloadAwareAutowireCapableBeanFactory.doCreateBean(ReloadAwareAutowireCapableBeanFactory.java:130)
	at org.springframework.beans.factory.support.AbstractAutowireCapableBeanFactory.createBean(AbstractAutowireCapableBeanFactory.java:456)
	at org.springframework.beans.factory.support.AbstractBeanFactory$1.getObject(AbstractBeanFactory.java:294)
	at org.springframework.beans.factory.support.DefaultSingletonBeanRegistry.getSingleton(DefaultSingletonBeanRegistry.java:225)
	at org.springframework.beans.factory.support.AbstractBeanFactory.doGetBean(AbstractBeanFactory.java:291)
	at org.springframework.beans.factory.support.AbstractBeanFactory.getBean(AbstractBeanFactory.java:193)
	at org.springframework.beans.factory.support.DefaultListableBeanFactory.preInstantiateSingletons(DefaultListableBeanFactory.java:609)
	at org.springframework.context.support.AbstractApplicationContext.finishBeanFactoryInitialization(AbstractApplicationContext.java:918)
	at org.springframework.context.support.AbstractApplicationContext.refresh(AbstractApplicationContext.java:469)
	at org.codehaus.groovy.grails.commons.spring.DefaultRuntimeSpringConfiguration.getApplicationContext(DefaultRuntimeSpringConfiguration.java:153)
	at org.codehaus.groovy.grails.commons.spring.GrailsRuntimeConfigurator.configure(GrailsRuntimeConfigurator.java:170)
	at org.codehaus.groovy.grails.commons.spring.GrailsRuntimeConfigurator.configure(GrailsRuntimeConfigurator.java:127)
	at org.codehaus.groovy.grails.web.context.GrailsConfigUtils.configureWebApplicationContext(GrailsConfigUtils.java:121)
	at org.codehaus.groovy.grails.web.context.GrailsContextLoader.initWebApplicationContext(GrailsContextLoader.java:104)
	at org.springframework.web.context.ContextLoaderListener.contextInitialized(ContextLoaderListener.java:111)
	at org.apache.catalina.core.StandardContext.listenerStart(StandardContext.java:4791)
	at org.apache.catalina.core.StandardContext.startInternal(StandardContext.java:5285)
	at org.apache.catalina.util.LifecycleBase.start(LifecycleBase.java:150)
	at org.apache.catalina.core.ContainerBase$StartChild.call(ContainerBase.java:1559)
	at org.apache.catalina.core.ContainerBase$StartChild.call(ContainerBase.java:1549)
	at java.util.concurrent.FutureTask$Sync.innerRun(FutureTask.java:334)
	at java.util.concurrent.FutureTask.run(FutureTask.java:166)
	at java.util.concurrent.ThreadPoolExecutor.runWorker(ThreadPoolExecutor.java:1110)
	at java.util.concurrent.ThreadPoolExecutor$Worker.run(ThreadPoolExecutor.java:603)
	at java.lang.Thread.run(Thread.java:679)
Caused by: org.springframework.beans.NotWritablePropertyException: Invalid property 'grailsApplication' of bean class [org.elfinder.ElfinderServlet]: Bean property 'grailsApplication' is not writable or has an invalid setter method. Does the parameter type of the setter match the return type of the getter?
	at org.springframework.beans.BeanWrapperImpl.setPropertyValue(BeanWrapperImpl.java:1064)
	at org.springframework.beans.BeanWrapperImpl.setPropertyValue(BeanWrapperImpl.java:924)
	at org.springframework.beans.AbstractPropertyAccessor.setPropertyValues(AbstractPropertyAccessor.java:76)
	at org.springframework.beans.AbstractPropertyAccessor.setPropertyValues(AbstractPropertyAccessor.java:58)
	at org.springframework.beans.factory.support.AbstractAutowireCapableBeanFactory.applyPropertyValues(AbstractAutowireCapableBeanFactory.java:1393)
	... 27 more
2013-03-05 00:56:34,178 [localhost-startStop-1] ERROR StackTrace  - Full Stack Trace:
org.springframework.beans.NotWritablePropertyException: Invalid property 'grailsApplication' of bean class [org.elfinder.ElfinderServlet]: Bean property 'grailsApplication' is not writable or has an invalid setter method. Does the parameter type of the setter match the return type of the getter?
	at org.springframework.beans.BeanWrapperImpl.setPropertyValue(BeanWrapperImpl.java:1064)
	at org.springframework.beans.BeanWrapperImpl.setPropertyValue(BeanWrapperImpl.java:924)
	at org.springframework.beans.AbstractPropertyAccessor.setPropertyValues(AbstractPropertyAccessor.java:76)
	at org.springframework.beans.AbstractPropertyAccessor.setPropertyValues(AbstractPropertyAccessor.java:58)
	at org.springframework.beans.factory.support.AbstractAutowireCapableBeanFactory.applyPropertyValues(AbstractAutowireCapableBeanFactory.java:1393)
	at org.springframework.beans.factory.support.AbstractAutowireCapableBeanFactory.populateBean(AbstractAutowireCapableBeanFactory.java:1118)
	at org.springframework.beans.factory.support.AbstractAutowireCapableBeanFactory.doCreateBean(AbstractAutowireCapableBeanFactory.java:517)
	at org.codehaus.groovy.grails.commons.spring.ReloadAwareAutowireCapableBeanFactory.doCreateBean(ReloadAwareAutowireCapableBeanFactory.java:130)
	at org.springframework.beans.factory.support.AbstractAutowireCapableBeanFactory.createBean(AbstractAutowireCapableBeanFactory.java:456)
	at org.springframework.beans.factory.support.AbstractBeanFactory$1.getObject(AbstractBeanFactory.java:294)
	at org.springframework.beans.factory.support.DefaultSingletonBeanRegistry.getSingleton(DefaultSingletonBeanRegistry.java:225)
	at org.springframework.beans.factory.support.AbstractBeanFactory.doGetBean(AbstractBeanFactory.java:291)
	at org.springframework.beans.factory.support.AbstractBeanFactory.getBean(AbstractBeanFactory.java:193)
	at org.springframework.beans.factory.support.DefaultListableBeanFactory.preInstantiateSingletons(DefaultListableBeanFactory.java:609)
	at org.springframework.context.support.AbstractApplicationContext.finishBeanFactoryInitialization(AbstractApplicationContext.java:918)
	at org.springframework.context.support.AbstractApplicationContext.refresh(AbstractApplicationContext.java:469)
	at org.codehaus.groovy.grails.commons.spring.DefaultRuntimeSpringConfiguration.getApplicationContext(DefaultRuntimeSpringConfiguration.java:153)
	at org.codehaus.groovy.grails.commons.spring.GrailsRuntimeConfigurator.configure(GrailsRuntimeConfigurator.java:170)
	at org.codehaus.groovy.grails.commons.spring.GrailsRuntimeConfigurator.configure(GrailsRuntimeConfigurator.java:127)
	at org.codehaus.groovy.grails.web.context.GrailsConfigUtils.configureWebApplicationContext(GrailsConfigUtils.java:121)
	at org.codehaus.groovy.grails.web.context.GrailsContextLoader.initWebApplicationContext(GrailsContextLoader.java:104)
	at org.springframework.web.context.ContextLoaderListener.contextInitialized(ContextLoaderListener.java:111)
	at org.apache.catalina.core.StandardContext.listenerStart(StandardContext.java:4791)
	at org.apache.catalina.core.StandardContext.startInternal(StandardContext.java:5285)
	at org.apache.catalina.util.LifecycleBase.start(LifecycleBase.java:150)
	at org.apache.catalina.core.ContainerBase$StartChild.call(ContainerBase.java:1559)
	at org.apache.catalina.core.ContainerBase$StartChild.call(ContainerBase.java:1549)
	at java.util.concurrent.FutureTask$Sync.innerRun(FutureTask.java:334)
	at java.util.concurrent.FutureTask.run(FutureTask.java:166)
	at java.util.concurrent.ThreadPoolExecutor.runWorker(ThreadPoolExecutor.java:1110)
	at java.util.concurrent.ThreadPoolExecutor$Worker.run(ThreadPoolExecutor.java:603)
	at java.lang.Thread.run(Thread.java:679)
2013-03-05 00:56:34,178 [localhost-startStop-1] ERROR StackTrace  - Full Stack Trace:
org.springframework.beans.factory.BeanCreationException: Error creating bean with name 'myBean': Error setting property values; nested exception is org.springframework.beans.NotWritablePropertyException: Invalid property 'grailsApplication' of bean class [org.elfinder.ElfinderServlet]: Bean property 'grailsApplication' is not writable or has an invalid setter method. Does the parameter type of the setter match the return type of the getter?
	at java.util.concurrent.FutureTask$Sync.innerRun(FutureTask.java:334)
	at java.util.concurrent.FutureTask.run(FutureTask.java:166)
	at java.util.concurrent.ThreadPoolExecutor.runWorker(ThreadPoolExecutor.java:1110)
	at java.util.concurrent.ThreadPoolExecutor$Worker.run(ThreadPoolExecutor.java:603)
	at java.lang.Thread.run(Thread.java:679)
Caused by: org.springframework.beans.NotWritablePropertyException: Invalid property 'grailsApplication' of bean class [org.elfinder.ElfinderServlet]: Bean property 'grailsApplication' is not writable or has an invalid setter method. Does the parameter type of the setter match the return type of the getter?
	... 5 more
2013-03-05 00:56:34,178 [localhost-startStop-1] ERROR StackTrace  - Full Stack Trace:
org.springframework.beans.factory.BeanCreationException: Error creating bean with name 'myBean': Error setting property values; nested exception is org.springframework.beans.NotWritablePropertyException: Invalid property 'grailsApplication' of bean class [org.elfinder.ElfinderServlet]: Bean property 'grailsApplication' is not writable or has an invalid setter method. Does the parameter type of the setter match the return type of the getter?
	at java.util.concurrent.FutureTask$Sync.innerRun(FutureTask.java:334)
	at java.util.concurrent.FutureTask.run(FutureTask.java:166)
	at java.util.concurrent.ThreadPoolExecutor.runWorker(ThreadPoolExecutor.java:1110)
	at java.util.concurrent.ThreadPoolExecutor$Worker.run(ThreadPoolExecutor.java:603)
	at java.lang.Thread.run(Thread.java:679)
Caused by: org.springframework.beans.NotWritablePropertyException: Invalid property 'grailsApplication' of bean class [org.elfinder.ElfinderServlet]: Bean property 'grailsApplication' is not writable or has an invalid setter method. Does the parameter type of the setter match the return type of the getter?
	... 5 more
2013-03-05 00:56:34,178 [localhost-startStop-1] ERROR StackTrace  - Full Stack Trace:
org.springframework.beans.NotWritablePropertyException: Invalid property 'grailsApplication' of bean class [org.elfinder.ElfinderServlet]: Bean property 'grailsApplication' is not writable or has an invalid setter method. Does the parameter type of the setter match the return type of the getter?
	at java.util.concurrent.FutureTask$Sync.innerRun(FutureTask.java:334)
	at java.util.concurrent.FutureTask.run(FutureTask.java:166)
	at java.util.concurrent.ThreadPoolExecutor.runWorker(ThreadPoolExecutor.java:1110)
	at java.util.concurrent.ThreadPoolExecutor$Worker.run(ThreadPoolExecutor.java:603)
	at java.lang.Thread.run(Thread.java:679)
2013-03-05 00:56:34,179 [localhost-startStop-1] ERROR StackTrace  - Full Stack Trace:
org.springframework.beans.factory.BeanCreationException: Error creating bean with name 'myBean': Error setting property values; nested exception is org.springframework.beans.NotWritablePropertyException: Invalid property 'grailsApplication' of bean class [org.elfinder.ElfinderServlet]: Bean property 'grailsApplication' is not writable or has an invalid setter method. Does the parameter type of the setter match the return type of the getter?
	at java.util.concurrent.FutureTask$Sync.innerRun(FutureTask.java:334)
	at java.util.concurrent.FutureTask.run(FutureTask.java:166)
	at java.util.concurrent.ThreadPoolExecutor.runWorker(ThreadPoolExecutor.java:1110)
	at java.util.concurrent.ThreadPoolExecutor$Worker.run(ThreadPoolExecutor.java:603)
	at java.lang.Thread.run(Thread.java:679)
Caused by: org.springframework.beans.NotWritablePropertyException: Invalid property 'grailsApplication' of bean class [org.elfinder.ElfinderServlet]: Bean property 'grailsApplication' is not writable or has an invalid setter method. Does the parameter type of the setter match the return type of the getter?
	... 5 more
2013-03-05 01:05:22,154 [http-bio-8081-exec-8] ERROR StackTrace  - Full Stack Trace:
groovy.lang.MissingPropertyException: No such property: app for class: org.elfinder.ElfinderServlet
	at org.codehaus.groovy.runtime.ScriptBytecodeAdapter.unwrap(ScriptBytecodeAdapter.java:50)
	at org.codehaus.groovy.runtime.callsite.PogoMetaClassGetPropertySite.getProperty(PogoMetaClassGetPropertySite.java:50)
	at org.codehaus.groovy.runtime.callsite.AbstractCallSite.callGroovyObjectGetProperty(AbstractCallSite.java:231)
	at org.elfinder.ElfinderServlet.init(ElfinderServlet.groovy:36)
	at org.apache.catalina.core.StandardWrapper.initServlet(StandardWrapper.java:1266)
	at org.apache.catalina.core.StandardWrapper.loadServlet(StandardWrapper.java:1185)
	at org.apache.catalina.core.StandardWrapper.allocate(StandardWrapper.java:857)
	at org.apache.catalina.core.StandardWrapperValve.invoke(StandardWrapperValve.java:136)
	at org.apache.catalina.core.StandardContextValve.invoke(StandardContextValve.java:123)
	at org.apache.catalina.core.StandardHostValve.invoke(StandardHostValve.java:168)
	at org.apache.catalina.valves.ErrorReportValve.invoke(ErrorReportValve.java:99)
	at org.apache.catalina.core.StandardEngineValve.invoke(StandardEngineValve.java:118)
	at org.apache.catalina.connector.CoyoteAdapter.service(CoyoteAdapter.java:407)
	at org.apache.coyote.http11.AbstractHttp11Processor.process(AbstractHttp11Processor.java:1002)
	at org.apache.coyote.AbstractProtocol$AbstractConnectionHandler.process(AbstractProtocol.java:585)
	at org.apache.tomcat.util.net.JIoEndpoint$SocketProcessor.run(JIoEndpoint.java:312)
	at java.util.concurrent.ThreadPoolExecutor.runWorker(ThreadPoolExecutor.java:1110)
	at java.util.concurrent.ThreadPoolExecutor$Worker.run(ThreadPoolExecutor.java:603)
	at java.lang.Thread.run(Thread.java:679)
2013-03-05 01:05:22,155 [http-bio-8081-exec-8] ERROR StackTrace  - Full Stack Trace:
groovy.lang.MissingPropertyException: No such property: app for class: org.elfinder.ElfinderServlet
	at org.elfinder.ElfinderServlet.init(ElfinderServlet.groovy:36)
	at java.util.concurrent.ThreadPoolExecutor.runWorker(ThreadPoolExecutor.java:1110)
	at java.util.concurrent.ThreadPoolExecutor$Worker.run(ThreadPoolExecutor.java:603)
	at java.lang.Thread.run(Thread.java:679)
2013-03-05 01:05:22,180 [http-bio-8081-exec-8] ERROR StackTrace  - Full Stack Trace:
groovy.lang.MissingPropertyException: No such property: app for class: org.elfinder.ElfinderServlet
	at org.elfinder.ElfinderServlet.init(ElfinderServlet.groovy:36)
	at java.util.concurrent.ThreadPoolExecutor.runWorker(ThreadPoolExecutor.java:1110)
	at java.util.concurrent.ThreadPoolExecutor$Worker.run(ThreadPoolExecutor.java:603)
	at java.lang.Thread.run(Thread.java:679)
2013-03-05 01:05:22,180 [http-bio-8081-exec-8] ERROR StackTrace  - Full Stack Trace:
groovy.lang.MissingPropertyException: No such property: app for class: org.elfinder.ElfinderServlet
	at org.elfinder.ElfinderServlet.init(ElfinderServlet.groovy:36)
	at java.util.concurrent.ThreadPoolExecutor.runWorker(ThreadPoolExecutor.java:1110)
	at java.util.concurrent.ThreadPoolExecutor$Worker.run(ThreadPoolExecutor.java:603)
	at java.lang.Thread.run(Thread.java:679)
2013-03-05 01:05:22,221 [http-bio-8081-exec-8] ERROR StackTrace  - Full Stack Trace:
javax.servlet.ServletException: Servlet.init() for servlet connector threw exception
	at org.apache.catalina.core.StandardWrapper.initServlet(StandardWrapper.java:1291)
	at org.apache.catalina.core.StandardWrapper.loadServlet(StandardWrapper.java:1185)
	at org.apache.catalina.core.StandardWrapper.allocate(StandardWrapper.java:857)
	at org.apache.catalina.core.StandardWrapperValve.invoke(StandardWrapperValve.java:136)
	at org.apache.catalina.core.StandardContextValve.invoke(StandardContextValve.java:123)
	at org.apache.catalina.core.StandardHostValve.invoke(StandardHostValve.java:168)
	at org.apache.catalina.valves.ErrorReportValve.invoke(ErrorReportValve.java:99)
	at org.apache.catalina.core.StandardEngineValve.invoke(StandardEngineValve.java:118)
	at org.apache.catalina.connector.CoyoteAdapter.service(CoyoteAdapter.java:407)
	at org.apache.coyote.http11.AbstractHttp11Processor.process(AbstractHttp11Processor.java:1002)
	at org.apache.coyote.AbstractProtocol$AbstractConnectionHandler.process(AbstractProtocol.java:585)
	at org.apache.tomcat.util.net.JIoEndpoint$SocketProcessor.run(JIoEndpoint.java:312)
	at java.util.concurrent.ThreadPoolExecutor.runWorker(ThreadPoolExecutor.java:1110)
	at java.util.concurrent.ThreadPoolExecutor$Worker.run(ThreadPoolExecutor.java:603)
	at java.lang.Thread.run(Thread.java:679)
Caused by: groovy.lang.MissingPropertyException: No such property: app for class: org.elfinder.ElfinderServlet
	at org.elfinder.ElfinderServlet.init(ElfinderServlet.groovy:36)
	... 3 more
2013-03-05 01:05:22,221 [http-bio-8081-exec-8] ERROR StackTrace  - Full Stack Trace:
groovy.lang.MissingPropertyException: No such property: app for class: org.elfinder.ElfinderServlet
	at org.elfinder.ElfinderServlet.init(ElfinderServlet.groovy:36)
	at java.util.concurrent.ThreadPoolExecutor.runWorker(ThreadPoolExecutor.java:1110)
	at java.util.concurrent.ThreadPoolExecutor$Worker.run(ThreadPoolExecutor.java:603)
	at java.lang.Thread.run(Thread.java:679)
2013-03-05 01:05:22,221 [http-bio-8081-exec-8] ERROR StackTrace  - Full Stack Trace:
javax.servlet.ServletException: Servlet.init() for servlet connector threw exception
	at java.util.concurrent.ThreadPoolExecutor.runWorker(ThreadPoolExecutor.java:1110)
	at java.util.concurrent.ThreadPoolExecutor$Worker.run(ThreadPoolExecutor.java:603)
	at java.lang.Thread.run(Thread.java:679)
Caused by: groovy.lang.MissingPropertyException: No such property: app for class: org.elfinder.ElfinderServlet
	at org.elfinder.ElfinderServlet.init(ElfinderServlet.groovy:36)
	... 3 more
2013-03-05 01:05:22,585 [http-bio-8081-exec-8] ERROR StackTrace  - Full Stack Trace:
java.lang.NullPointerException
	at org.apache.catalina.connector.OutputBuffer.write(OutputBuffer.java:476)
	at org.apache.catalina.connector.CoyoteWriter.write(CoyoteWriter.java:152)
	at org.codehaus.groovy.grails.web.util.StreamCharBuffer$SingleOutputWriter.write(StreamCharBuffer.java:1739)
	at org.codehaus.groovy.grails.web.util.StreamCharBuffer$CharBufferChunk.writeTo(StreamCharBuffer.java:1339)
	at org.codehaus.groovy.grails.web.util.StreamCharBuffer.writeToImpl(StreamCharBuffer.java:491)
	at org.codehaus.groovy.grails.web.util.StreamCharBuffer.writeTo(StreamCharBuffer.java:485)
	at org.codehaus.groovy.grails.web.util.StreamCharBuffer.flushToConnected(StreamCharBuffer.java:780)
	at org.codehaus.groovy.grails.web.util.StreamCharBuffer.access$900(StreamCharBuffer.java:225)
	at org.codehaus.groovy.grails.web.util.StreamCharBuffer$StreamCharBufferWriter.flush(StreamCharBuffer.java:1024)
	at org.codehaus.groovy.grails.web.util.GrailsPrintWriter.flush(GrailsPrintWriter.java:128)
	at org.codehaus.groovy.grails.web.util.GrailsPrintWriterAdapter.flush(GrailsPrintWriterAdapter.java:85)
	at org.codehaus.groovy.grails.web.pages.GSPResponseWriter.close(GSPResponseWriter.java:151)
	at org.codehaus.groovy.grails.web.servlet.view.GroovyPageView.renderWithTemplateEngine(GroovyPageView.java:156)
	at org.codehaus.groovy.grails.web.servlet.view.GroovyPageView.renderMergedOutputModel(GroovyPageView.java:83)
	at org.springframework.web.servlet.view.AbstractView.render(AbstractView.java:262)
	at org.codehaus.groovy.grails.web.servlet.ErrorHandlingServlet.doDispatch(ErrorHandlingServlet.java:145)
	at org.springframework.web.servlet.DispatcherServlet.doService(DispatcherServlet.java:852)
	at org.springframework.web.servlet.FrameworkServlet.processRequest(FrameworkServlet.java:882)
	at org.springframework.web.servlet.FrameworkServlet.doGet(FrameworkServlet.java:778)
	at javax.servlet.http.HttpServlet.service(HttpServlet.java:621)
	at javax.servlet.http.HttpServlet.service(HttpServlet.java:722)
	at org.apache.catalina.core.ApplicationFilterChain.internalDoFilter(ApplicationFilterChain.java:305)
	at org.apache.catalina.core.ApplicationFilterChain.doFilter(ApplicationFilterChain.java:210)
	at org.codehaus.groovy.grails.web.servlet.mvc.GrailsWebRequestFilter.doFilterInternal(GrailsWebRequestFilter.java:69)
	at org.springframework.web.filter.OncePerRequestFilter.doFilter(OncePerRequestFilter.java:76)
	at org.apache.catalina.core.ApplicationFilterChain.internalDoFilter(ApplicationFilterChain.java:243)
	at org.apache.catalina.core.ApplicationFilterChain.doFilter(ApplicationFilterChain.java:210)
	at org.apache.catalina.core.ApplicationDispatcher.invoke(ApplicationDispatcher.java:749)
	at org.apache.catalina.core.ApplicationDispatcher.processRequest(ApplicationDispatcher.java:489)
	at org.apache.catalina.core.ApplicationDispatcher.doForward(ApplicationDispatcher.java:412)
	at org.apache.catalina.core.ApplicationDispatcher.forward(ApplicationDispatcher.java:339)
	at org.apache.catalina.core.StandardHostValve.custom(StandardHostValve.java:456)
	at org.apache.catalina.core.StandardHostValve.status(StandardHostValve.java:327)
	at org.apache.catalina.core.StandardHostValve.throwable(StandardHostValve.java:417)
	at org.apache.catalina.core.StandardHostValve.invoke(StandardHostValve.java:191)
	at org.apache.catalina.valves.ErrorReportValve.invoke(ErrorReportValve.java:99)
	at org.apache.catalina.core.StandardEngineValve.invoke(StandardEngineValve.java:118)
	at org.apache.catalina.connector.CoyoteAdapter.service(CoyoteAdapter.java:407)
	at org.apache.coyote.http11.AbstractHttp11Processor.process(AbstractHttp11Processor.java:1002)
	at org.apache.coyote.AbstractProtocol$AbstractConnectionHandler.process(AbstractProtocol.java:585)
	at org.apache.tomcat.util.net.JIoEndpoint$SocketProcessor.run(JIoEndpoint.java:312)
	at java.util.concurrent.ThreadPoolExecutor.runWorker(ThreadPoolExecutor.java:1110)
	at java.util.concurrent.ThreadPoolExecutor$Worker.run(ThreadPoolExecutor.java:603)
	at java.lang.Thread.run(Thread.java:679)
2013-03-05 01:05:22,588 [http-bio-8081-exec-8] ERROR StackTrace  - Full Stack Trace:
java.lang.NullPointerException
	at org.apache.catalina.connector.OutputBuffer.write(OutputBuffer.java:497)
	at org.apache.catalina.connector.CoyoteWriter.write(CoyoteWriter.java:174)
	at org.apache.catalina.connector.CoyoteWriter.write(CoyoteWriter.java:184)
	at org.codehaus.groovy.grails.web.servlet.ErrorHandlingServlet.renderDefaultResponse(ErrorHandlingServlet.java:192)
	at org.codehaus.groovy.grails.web.servlet.ErrorHandlingServlet.doDispatch(ErrorHandlingServlet.java:149)
	at org.springframework.web.servlet.DispatcherServlet.doService(DispatcherServlet.java:852)
	at org.springframework.web.servlet.FrameworkServlet.processRequest(FrameworkServlet.java:882)
	at org.springframework.web.servlet.FrameworkServlet.doGet(FrameworkServlet.java:778)
	at javax.servlet.http.HttpServlet.service(HttpServlet.java:621)
	at javax.servlet.http.HttpServlet.service(HttpServlet.java:722)
	at org.apache.catalina.core.ApplicationFilterChain.internalDoFilter(ApplicationFilterChain.java:305)
	at org.apache.catalina.core.ApplicationFilterChain.doFilter(ApplicationFilterChain.java:210)
	at org.codehaus.groovy.grails.web.servlet.mvc.GrailsWebRequestFilter.doFilterInternal(GrailsWebRequestFilter.java:69)
	at org.springframework.web.filter.OncePerRequestFilter.doFilter(OncePerRequestFilter.java:76)
	at org.apache.catalina.core.ApplicationFilterChain.internalDoFilter(ApplicationFilterChain.java:243)
	at org.apache.catalina.core.ApplicationFilterChain.doFilter(ApplicationFilterChain.java:210)
	at org.apache.catalina.core.ApplicationDispatcher.invoke(ApplicationDispatcher.java:749)
	at org.apache.catalina.core.ApplicationDispatcher.processRequest(ApplicationDispatcher.java:489)
	at org.apache.catalina.core.ApplicationDispatcher.doForward(ApplicationDispatcher.java:412)
	at org.apache.catalina.core.ApplicationDispatcher.forward(ApplicationDispatcher.java:339)
	at org.apache.catalina.core.StandardHostValve.custom(StandardHostValve.java:456)
	at org.apache.catalina.core.StandardHostValve.status(StandardHostValve.java:327)
	at org.apache.catalina.core.StandardHostValve.throwable(StandardHostValve.java:417)
	at org.apache.catalina.core.StandardHostValve.invoke(StandardHostValve.java:191)
	at org.apache.catalina.valves.ErrorReportValve.invoke(ErrorReportValve.java:99)
	at org.apache.catalina.core.StandardEngineValve.invoke(StandardEngineValve.java:118)
	at org.apache.catalina.connector.CoyoteAdapter.service(CoyoteAdapter.java:407)
	at org.apache.coyote.http11.AbstractHttp11Processor.process(AbstractHttp11Processor.java:1002)
	at org.apache.coyote.AbstractProtocol$AbstractConnectionHandler.process(AbstractProtocol.java:585)
	at org.apache.tomcat.util.net.JIoEndpoint$SocketProcessor.run(JIoEndpoint.java:312)
	at java.util.concurrent.ThreadPoolExecutor.runWorker(ThreadPoolExecutor.java:1110)
	at java.util.concurrent.ThreadPoolExecutor$Worker.run(ThreadPoolExecutor.java:603)
	at java.lang.Thread.run(Thread.java:679)
2013-03-05 01:05:22,588 [http-bio-8081-exec-8] ERROR StackTrace  - Full Stack Trace:
java.lang.NullPointerException
	at java.util.concurrent.ThreadPoolExecutor.runWorker(ThreadPoolExecutor.java:1110)
	at java.util.concurrent.ThreadPoolExecutor$Worker.run(ThreadPoolExecutor.java:603)
	at java.lang.Thread.run(Thread.java:679)
2013-03-05 01:05:22,591 [http-bio-8081-exec-8] ERROR StackTrace  - Full Stack Trace:
org.springframework.web.util.NestedServletException: Request processing failed; nested exception is java.lang.NullPointerException
	at org.springframework.web.servlet.FrameworkServlet.processRequest(FrameworkServlet.java:894)
	at org.springframework.web.servlet.FrameworkServlet.doGet(FrameworkServlet.java:778)
	at javax.servlet.http.HttpServlet.service(HttpServlet.java:621)
	at javax.servlet.http.HttpServlet.service(HttpServlet.java:722)
	at org.apache.catalina.core.ApplicationFilterChain.internalDoFilter(ApplicationFilterChain.java:305)
	at org.apache.catalina.core.ApplicationFilterChain.doFilter(ApplicationFilterChain.java:210)
	at org.codehaus.groovy.grails.web.servlet.mvc.GrailsWebRequestFilter.doFilterInternal(GrailsWebRequestFilter.java:69)
	at org.springframework.web.filter.OncePerRequestFilter.doFilter(OncePerRequestFilter.java:76)
	at org.apache.catalina.core.ApplicationFilterChain.internalDoFilter(ApplicationFilterChain.java:243)
	at org.apache.catalina.core.ApplicationFilterChain.doFilter(ApplicationFilterChain.java:210)
	at org.apache.catalina.core.ApplicationDispatcher.invoke(ApplicationDispatcher.java:749)
	at org.apache.catalina.core.ApplicationDispatcher.processRequest(ApplicationDispatcher.java:489)
	at org.apache.catalina.core.ApplicationDispatcher.doForward(ApplicationDispatcher.java:412)
	at org.apache.catalina.core.ApplicationDispatcher.forward(ApplicationDispatcher.java:339)
	at org.apache.catalina.core.StandardHostValve.custom(StandardHostValve.java:456)
	at org.apache.catalina.core.StandardHostValve.status(StandardHostValve.java:327)
	at org.apache.catalina.core.StandardHostValve.throwable(StandardHostValve.java:417)
	at org.apache.catalina.core.StandardHostValve.invoke(StandardHostValve.java:191)
	at org.apache.catalina.valves.ErrorReportValve.invoke(ErrorReportValve.java:99)
	at org.apache.catalina.core.StandardEngineValve.invoke(StandardEngineValve.java:118)
	at org.apache.catalina.connector.CoyoteAdapter.service(CoyoteAdapter.java:407)
	at org.apache.coyote.http11.AbstractHttp11Processor.process(AbstractHttp11Processor.java:1002)
	at org.apache.coyote.AbstractProtocol$AbstractConnectionHandler.process(AbstractProtocol.java:585)
	at org.apache.tomcat.util.net.JIoEndpoint$SocketProcessor.run(JIoEndpoint.java:312)
	at java.util.concurrent.ThreadPoolExecutor.runWorker(ThreadPoolExecutor.java:1110)
	at java.util.concurrent.ThreadPoolExecutor$Worker.run(ThreadPoolExecutor.java:603)
	at java.lang.Thread.run(Thread.java:679)
Caused by: java.lang.NullPointerException
	... 3 more
2013-03-05 01:05:22,591 [http-bio-8081-exec-8] ERROR StackTrace  - Full Stack Trace:
java.lang.NullPointerException
	at java.util.concurrent.ThreadPoolExecutor.runWorker(ThreadPoolExecutor.java:1110)
	at java.util.concurrent.ThreadPoolExecutor$Worker.run(ThreadPoolExecutor.java:603)
	at java.lang.Thread.run(Thread.java:679)
2013-03-05 01:05:22,591 [http-bio-8081-exec-8] ERROR StackTrace  - Full Stack Trace:
org.springframework.web.util.NestedServletException: Request processing failed; nested exception is java.lang.NullPointerException
	at java.util.concurrent.ThreadPoolExecutor.runWorker(ThreadPoolExecutor.java:1110)
	at java.util.concurrent.ThreadPoolExecutor$Worker.run(ThreadPoolExecutor.java:603)
	at java.lang.Thread.run(Thread.java:679)
Caused by: java.lang.NullPointerException
	... 3 more
